08-31-2022 @ 08:26:29 - 3.1.0 - No subscription webhooks found using API version 3. No updates needed.
08-31-2022 @ 08:26:29 - 3.1.6 upgrade complete from Subscriptions v0 while WooCommerce WC_VERSION 6.8.2 and database version 6.8.2 was active.
08-31-2022 @ 08:26:29 - Environment info:
08-31-2022 @ 08:26:29 -     WordPress Version : 6.0.1
08-31-2022 @ 08:26:29 - Active Plugins:
08-31-2022 @ 08:26:29 -     Advanced Custom Fields by Delicious Brains – 5.12.3
08-31-2022 @ 08:26:29 -     Starter Templates by Brainstorm Force – 3.1.15
08-31-2022 @ 08:26:29 -     CartFlows by CartFlows Inc – 1.10.4
08-31-2022 @ 08:26:29 -     Checkout Plugins - Stripe for WooCommerce by Checkout Plugins – 1.4.6
08-31-2022 @ 08:26:29 -     GDPR Cookie Consent by WebToffee – 2.1.2
08-31-2022 @ 08:26:29 -     Elementor by Elementor.com – 3.7.2
08-31-2022 @ 08:26:29 -     Essential Addons for Elementor by WPDeveloper – 5.2.3
08-31-2022 @ 08:26:29 -     Forminator by WPMU DEV – 1.17.2
08-31-2022 @ 08:26:29 -     Elementor Header & Footer Builder by Brainstorm Force, Nikhil Chavan – 1.6.13
08-31-2022 @ 08:26:29 -     Login Logout Register Menu by Vinod Dalvi – 2.0
08-31-2022 @ 08:26:29 -     Smart Slider 3 by Nextend – 3.5.1.9
08-31-2022 @ 08:26:29 -     Variation Swatches for WooCommerce by CartFlows – 1.0.3
08-31-2022 @ 08:26:29 -     WooCommerce Cart Abandonment Recovery by CartFlows Inc – 1.2.18
08-31-2022 @ 08:26:29 -     WooCommerce Payments by Automattic – 4.6.0
08-31-2022 @ 08:26:29 -     WooCommerce by Automattic – 6.8.2
08-31-2022 @ 08:26:29 -     WPForms Lite by WPForms – 1.7.6
